Arguments: 
  C:\Program Files\nodejs\node.exe C:\Users\123\AppData\Roaming\npm\node_modules\yarn\bin\yarn.js add jqueryy

PATH: 
  D:\seosoft\cmder\bin;C:\Python27\;C:\Python27\Scripts;C:\Program Files (x86)\Common Files\Oracle\Java\javapath;D:\miniconda;D:\miniconda\Library\mingw-w64\bin;D:\miniconda\Library\usr\bin;D:\miniconda\Library\bin;D:\miniconda\Scripts;C:\Program Files (x86)\NetSarang\Xftp 6\;C:\Program Files (x86)\NetSarang\Xshell 6\;C:\Program Files (x86)\Python37-32\Scripts\;C:\Program Files (x86)\Python37-32\;C:\WINDOWS\system32;C:\WINDOWS;C:\WINDOWS\System32\Wbem;C:\WINDOWS\System32\WindowsPowerShell\v1.0\;C:\WINDOWS\System32\OpenSSH\;D:\seo软件\cmder;C;\Users\123\Anaconda3\;C:\Users\123\Anaconda3\Scripts\;?C:\Python27;C:\Program Files\Microsoft VS Code\bin;C:\Program Files\Redis\;C:\Program Files (x86)\Google\Chrome\Application;C:\Program Files\Git\cmd;C:\Program Files\nodejs\;C:\ProgramData\chocolatey\bin;C:\Users\123\AppData\Local\Yarn\bin;C:\Users\123\AppData\Roaming\npm\node_modules\yarn\bin;C:\Users\123\AppData\Local\Microsoft\WindowsApps;E:\phpstorm\PhpStorm 2018.3.5\bin;C:\Program Files\JetBrains\PyCharm 2018.3.5\bin;C:\Users\123\AppData\Local\Programs\Microsoft VS Code\bin;C:\Users\123\AppData\Local\GitHubDesktop\bin;C:\Users\123\AppData\Local\Programs\Fiddler;C:\Program Files\Bandizip\;C:\Users\123\AppData\Local\Microsoft\WindowsApps;D:\learnflask\mircoblog\flask\Scripts;C:\Program Files\JetBrains\WebStorm 2019.2\bin;;C:\Users\123\AppData\Roaming\npm;C:\Program Files\Git\usr\bin;C:\Program Files\Git\usr\share\vim\vim74;D:\seosoft\cmder\

Yarn version: 
  1.19.1

Node version: 
  12.13.0

Platform: 
  win32 x64

Trace: 
  Error: https://registry.yarnpkg.com/jqueryy: Not found
      at Request.params.callback [as _callback] (C:\Users\123\AppData\Roaming\npm\node_modules\yarn\lib\cli.js:66926:18)
      at Request.self.callback (C:\Users\123\AppData\Roaming\npm\node_modules\yarn\lib\cli.js:140564:22)
      at Request.emit (events.js:210:5)
      at Request.<anonymous> (C:\Users\123\AppData\Roaming\npm\node_modules\yarn\lib\cli.js:141536:10)
      at Request.emit (events.js:210:5)
      at IncomingMessage.<anonymous> (C:\Users\123\AppData\Roaming\npm\node_modules\yarn\lib\cli.js:141458:12)
      at Object.onceWrapper (events.js:299:28)
      at IncomingMessage.emit (events.js:215:7)
      at endReadableNT (_stream_readable.js:1183:12)
      at processTicksAndRejections (internal/process/task_queues.js:80:21)

npm manifest: 
  {
    "name": "mvc",
    "version": "1.0.0",
    "main": "index.js",
    "license": "MIT"
  }

yarn manifest: 
  No manifest

Lockfile: 
  No lockfile
